c:\users\leoma\onedrive\desktop\school\sem3\midstoneproject\sdl_project20.2.4\sdl_project20.2.2\sdl_project\debug\vc142.pdb
c:\users\leoma\onedrive\desktop\school\sem3\midstoneproject\sdl_project20.2.4\sdl_project20.2.2\sdl_project\debug\vc142.idb
c:\users\leoma\onedrive\desktop\school\sem3\midstoneproject\sdl_project20.2.4\sdl_project20.2.2\sdl_project\debug\window.obj
c:\users\leoma\onedrive\desktop\school\sem3\midstoneproject\sdl_project20.2.4\sdl_project20.2.2\sdl_project\debug\vmath.obj
c:\users\leoma\onedrive\desktop\school\sem3\midstoneproject\sdl_project20.2.4\sdl_project20.2.2\sdl_project\debug\timer.obj
c:\users\leoma\onedrive\desktop\school\sem3\midstoneproject\sdl_project20.2.4\sdl_project20.2.2\sdl_project\debug\scene4.obj
c:\users\leoma\onedrive\desktop\school\sem3\midstoneproject\sdl_project20.2.4\sdl_project20.2.2\sdl_project\debug\scene3.obj
c:\users\leoma\onedrive\desktop\school\sem3\midstoneproject\sdl_project20.2.4\sdl_project20.2.2\sdl_project\debug\scene2.obj
c:\users\leoma\onedrive\desktop\school\sem3\midstoneproject\sdl_project20.2.4\sdl_project20.2.2\sdl_project\debug\scene1.obj
c:\users\leoma\onedrive\desktop\school\sem3\midstoneproject\sdl_project20.2.4\sdl_project20.2.2\sdl_project\debug\scene0.obj
c:\users\leoma\onedrive\desktop\school\sem3\midstoneproject\sdl_project20.2.4\sdl_project20.2.2\sdl_project\debug\randomizer.obj
c:\users\leoma\onedrive\desktop\school\sem3\midstoneproject\sdl_project20.2.4\sdl_project20.2.2\sdl_project\debug\planet.obj
c:\users\leoma\onedrive\desktop\school\sem3\midstoneproject\sdl_project20.2.4\sdl_project20.2.2\sdl_project\debug\mmath.obj
c:\users\leoma\onedrive\desktop\school\sem3\midstoneproject\sdl_project20.2.4\sdl_project20.2.2\sdl_project\debug\main.obj
c:\users\leoma\onedrive\desktop\school\sem3\midstoneproject\sdl_project20.2.4\sdl_project20.2.2\sdl_project\debug\gamemanager.obj
c:\users\leoma\onedrive\desktop\school\sem3\midstoneproject\sdl_project20.2.4\sdl_project20.2.2\sdl_project\debug\body.obj
c:\users\leoma\onedrive\desktop\school\sem3\midstoneproject\sdl_project20.2.4\sdl_project20.2.2\sdl_project\debug\ball.obj
c:\users\leoma\onedrive\desktop\school\sem3\midstoneproject\sdl_project20.2.4\sdl_project20.2.2\sdl_project\debug\wall.obj
c:\users\leoma\onedrive\desktop\school\sem3\midstoneproject\sdl_project20.2.4\sdl_project20.2.2\debug\sdl_project.exe
c:\users\leoma\onedrive\desktop\school\sem3\midstoneproject\sdl_project20.2.4\sdl_project20.2.2\sdl_project\debug\sdl_project.ilk
c:\users\leoma\onedrive\desktop\school\sem3\midstoneproject\sdl_project20.2.4\sdl_project20.2.2\debug\sdl_project.pdb
c:\users\leoma\onedrive\desktop\school\sem3\midstoneproject\sdl_project20.2.4\sdl_project20.2.2\sdl_project\debug\gamemanager.obj.enc
c:\users\leoma\onedrive\desktop\school\sem3\midstoneproject\sdl_project20.2.4\sdl_project20.2.2\sdl_project\debug\scene0.obj.enc
c:\users\leoma\onedrive\desktop\school\sem3\midstoneproject\sdl_project20.2.4\sdl_project20.2.2\sdl_project\debug\scene1.obj.enc
c:\users\leoma\onedrive\desktop\school\sem3\midstoneproject\sdl_project20.2.4\sdl_project20.2.2\sdl_project\debug\sdl_project.tlog\cl.command.1.tlog
c:\users\leoma\onedrive\desktop\school\sem3\midstoneproject\sdl_project20.2.4\sdl_project20.2.2\sdl_project\debug\sdl_project.tlog\cl.read.1.tlog
c:\users\leoma\onedrive\desktop\school\sem3\midstoneproject\sdl_project20.2.4\sdl_project20.2.2\sdl_project\debug\sdl_project.tlog\cl.write.1.tlog
c:\users\leoma\onedrive\desktop\school\sem3\midstoneproject\sdl_project20.2.4\sdl_project20.2.2\sdl_project\debug\sdl_project.tlog\link.command.1.tlog
c:\users\leoma\onedrive\desktop\school\sem3\midstoneproject\sdl_project20.2.4\sdl_project20.2.2\sdl_project\debug\sdl_project.tlog\link.read.1.tlog
c:\users\leoma\onedrive\desktop\school\sem3\midstoneproject\sdl_project20.2.4\sdl_project20.2.2\sdl_project\debug\sdl_project.tlog\link.write.1.tlog
