  Bullet.cpp
C:\Users\garen\Desktop\Midstone\master\SDLMidstone\SDL_Project20.2.2\SDL_Project\PhysicsObject.h(42,60): warning C4244: 'argument': conversion from 'double' to 'const float', possible loss of data
C:\Users\garen\Desktop\Midstone\master\SDLMidstone\SDL_Project20.2.2\SDL_Project\Bullet.h(15,39): warning C4244: 'return': conversion from 'int' to 'float', possible loss of data
  Character.cpp
C:\Users\garen\Desktop\Midstone\master\SDLMidstone\SDL_Project20.2.2\SDL_Project\PhysicsObject.h(42,60): warning C4244: 'argument': conversion from 'double' to 'const float', possible loss of data
C:\Users\garen\Desktop\Midstone\master\SDLMidstone\SDL_Project20.2.2\SDL_Project\Character.cpp(12,25): warning C4244: '-=': conversion from 'float' to 'int', possible loss of data
C:\Users\garen\Desktop\Midstone\master\SDLMidstone\SDL_Project20.2.2\SDL_Project\Character.cpp(25,27): warning C4244: '+=': conversion from 'float' to 'int', possible loss of data
  GameManager.cpp
C:\Users\garen\Desktop\Midstone\master\SDLMidstone\SDL_Project20.2.2\SDL_Project\PhysicsObject.h(42,60): warning C4244: 'argument': conversion from 'double' to 'const float', possible loss of data
C:\Users\garen\Desktop\Midstone\master\SDLMidstone\SDL_Project20.2.2\SDL_Project\Bullet.h(15,39): warning C4244: 'return': conversion from 'int' to 'float', possible loss of data
  GameObject.cpp
C:\Users\garen\Desktop\Midstone\master\SDLMidstone\SDL_Project20.2.2\SDL_Project\PhysicsObject.h(42,60): warning C4244: 'argument': conversion from 'double' to 'const float', possible loss of data
  Main.cpp
  MMath.cpp
  Physics.cpp
C:\Users\garen\Desktop\Midstone\master\SDLMidstone\SDL_Project20.2.2\SDL_Project\PhysicsObject.h(42,60): warning C4244: 'argument': conversion from 'double' to 'const float', possible loss of data
C:\Users\garen\Desktop\Midstone\master\SDLMidstone\SDL_Project20.2.2\SDL_Project\Physics.cpp(64,26): warning C4244: 'initializing': conversion from 'double' to 'float', possible loss of data
C:\Users\garen\Desktop\Midstone\master\SDLMidstone\SDL_Project20.2.2\SDL_Project\Physics.cpp(65,26): warning C4244: 'initializing': conversion from 'double' to 'float', possible loss of data
  PhysicsObject.cpp
C:\Users\garen\Desktop\Midstone\master\SDLMidstone\SDL_Project20.2.2\SDL_Project\PhysicsObject.h(42,60): warning C4244: 'argument': conversion from 'double' to 'const float', possible loss of data
  PlayerCharacter.cpp
C:\Users\garen\Desktop\Midstone\master\SDLMidstone\SDL_Project20.2.2\SDL_Project\PhysicsObject.h(42,60): warning C4244: 'argument': conversion from 'double' to 'const float', possible loss of data
C:\Users\garen\Desktop\Midstone\master\SDLMidstone\SDL_Project20.2.2\SDL_Project\Bullet.h(15,39): warning C4244: 'return': conversion from 'int' to 'float', possible loss of data
C:\Users\garen\Desktop\Midstone\master\SDLMidstone\SDL_Project20.2.2\SDL_Project\PlayerCharacter.cpp(27,14): warning C4244: 'initializing': conversion from 'double' to 'float', possible loss of data
C:\Users\garen\Desktop\Midstone\master\SDLMidstone\SDL_Project20.2.2\SDL_Project\PlayerCharacter.cpp(28,14): warning C4244: 'initializing': conversion from 'double' to 'float', possible loss of data
C:\Users\garen\Desktop\Midstone\master\SDLMidstone\SDL_Project20.2.2\SDL_Project\PlayerCharacter.cpp(69,62): warning C4244: 'argument': conversion from 'const Sint32' to 'float', possible loss of data
C:\Users\garen\Desktop\Midstone\master\SDLMidstone\SDL_Project20.2.2\SDL_Project\PlayerCharacter.cpp(69,43): warning C4244: 'argument': conversion from 'const Sint32' to 'float', possible loss of data
  Randomizer.cpp
C:\Users\garen\Desktop\Midstone\master\SDLMidstone\SDL_Project20.2.2\SDL_Project\Randomizer.h(56,21): warning C4244: 'return': conversion from 'double' to 'float', possible loss of data
  Scene0.cpp
C:\Users\garen\Desktop\Midstone\master\SDLMidstone\SDL_Project20.2.2\SDL_Project\PhysicsObject.h(42,60): warning C4244: 'argument': conversion from 'double' to 'const float', possible loss of data
C:\Users\garen\Desktop\Midstone\master\SDLMidstone\SDL_Project20.2.2\SDL_Project\Bullet.h(15,39): warning C4244: 'return': conversion from 'int' to 'float', possible loss of data
C:\Users\garen\Desktop\Midstone\master\SDLMidstone\SDL_Project20.2.2\SDL_Project\Randomizer.h(56,21): warning C4244: 'return': conversion from 'double' to 'float', possible loss of data
C:\Users\garen\Desktop\Midstone\master\SDLMidstone\SDL_Project20.2.2\SDL_Project\Scene0.cpp(16,35): warning C4150: deletion of pointer to incomplete type 'SDL_Texture'; no destructor called
C:\GameDev\SDL\include\SDL_render.h(138): message : see declaration of 'SDL_Texture'
C:\Users\garen\Desktop\Midstone\master\SDLMidstone\SDL_Project20.2.2\SDL_Project\Scene0.cpp(126,20): warning C4018: '<': signed/unsigned mismatch
C:\Users\garen\Desktop\Midstone\master\SDLMidstone\SDL_Project20.2.2\SDL_Project\Scene0.cpp(190,20): warning C4018: '<': signed/unsigned mismatch
  Timer.cpp
  VMath.cpp
  Window.cpp
  Generating Code...
  SDL_Project.vcxproj -> C:\Users\garen\Desktop\Midstone\master\Debug\SDL_Project.exe
